<?xml version="1.0" encoding="UTF-8"?>
<!-- Generated by org.testng.reporters.JUnitReportReporter -->
<testsuite hostname="L-INE-2T5JRL3" failures="0" tests="1" name="org.main.Demo_1" time="13.832" errors="0" timestamp="08 Jan 2024 12:00:49 GMT" skipped="0">
  <testcase classname="org.main.Demo_1" name="toCheckThePageTitle" time="13.832"/>
</testsuite> <!-- org.main.Demo_1 -->
